<<<<<<< HEAD
[ 2017-05-02T16:07:40+08:00 ] ::1 /disp/map
INFO: [ app_init ] --START--
INFO: Run Behavior\BuildLiteBehavior [ RunTime:0.000059s ]
INFO: [ app_init ] --END-- [ RunTime:0.003308s ]
ERR: 无法加载模块:Map

[ 2017-05-02T16:08:22+08:00 ] ::1 /disp/map
INFO: [ app_init ] --START--
INFO: Run Behavior\BuildLiteBehavior [ RunTime:0.000063s ]
INFO: [ app_init ] --END-- [ RunTime:0.000701s ]
ERR: 无法加载模块:Map

[ 2017-05-02T16:08:23+08:00 ] ::1 /disp/map
INFO: [ app_init ] --START--
INFO: Run Behavior\BuildLiteBehavior [ RunTime:0.000025s ]
INFO: [ app_init ] --END-- [ RunTime:0.000362s ]
ERR: 无法加载模块:Map

[ 2017-05-02T16:08:31+08:00 ] ::1 /disp/map
INFO: [ app_init ] --START--
INFO: Run Behavior\BuildLiteBehavior [ RunTime:0.000025s ]
INFO: [ app_init ] --END-- [ RunTime:0.000411s ]
ERR: 无法加载模块:Map

[ 2017-05-02T23:12:36+08:00 ] ::1 /disp/Hoem/index/map?mp=113.503059,23.452898
INFO: [ app_init ] --START--
INFO: Run Behavior\BuildLiteBehavior [ RunTime:0.000027s ]
INFO: [ app_init ] --END-- [ RunTime:0.000457s ]
ERR: 无法加载模块:Hoem

[ 2017-05-02T23:12:56+08:00 ] ::1 /disp/Hoem/index/map?mp=113.503059,23.452898
INFO: [ app_init ] --START--
INFO: Run Behavior\BuildLiteBehavior [ RunTime:0.000034s ]
INFO: [ app_init ] --END-- [ RunTime:0.000433s ]
ERR: 无法加载模块:Hoem

[ 2017-05-02T23:13:11+08:00 ] ::1 /disp/Hoem/index/map?mp=113.503059,23.452898
INFO: [ app_init ] --START--
INFO: Run Behavior\BuildLiteBehavior [ RunTime:0.000047s ]
INFO: [ app_init ] --END-- [ RunTime:0.000769s ]
ERR: 无法加载模块:Hoem

[ 2017-05-02T23:32:34+08:00 ] ::1 /disp/data
INFO: [ app_init ] --START--
INFO: Run Behavior\BuildLiteBehavior [ RunTime:0.000024s ]
INFO: [ app_init ] --END-- [ RunTime:0.000401s ]
ERR: 无法加载模块:Data

=======
[ 2017-05-02T16:07:40+08:00 ] ::1 /disp/map
INFO: [ app_init ] --START--
INFO: Run Behavior\BuildLiteBehavior [ RunTime:0.000059s ]
INFO: [ app_init ] --END-- [ RunTime:0.003308s ]
ERR: 无法加载模块:Map

[ 2017-05-02T16:08:22+08:00 ] ::1 /disp/map
INFO: [ app_init ] --START--
INFO: Run Behavior\BuildLiteBehavior [ RunTime:0.000063s ]
INFO: [ app_init ] --END-- [ RunTime:0.000701s ]
ERR: 无法加载模块:Map

[ 2017-05-02T16:08:23+08:00 ] ::1 /disp/map
INFO: [ app_init ] --START--
INFO: Run Behavior\BuildLiteBehavior [ RunTime:0.000025s ]
INFO: [ app_init ] --END-- [ RunTime:0.000362s ]
ERR: 无法加载模块:Map

[ 2017-05-02T16:08:31+08:00 ] ::1 /disp/map
INFO: [ app_init ] --START--
INFO: Run Behavior\BuildLiteBehavior [ RunTime:0.000025s ]
INFO: [ app_init ] --END-- [ RunTime:0.000411s ]
ERR: 无法加载模块:Map

[ 2017-05-02T23:12:36+08:00 ] ::1 /disp/Hoem/index/map?mp=113.503059,23.452898
INFO: [ app_init ] --START--
INFO: Run Behavior\BuildLiteBehavior [ RunTime:0.000027s ]
INFO: [ app_init ] --END-- [ RunTime:0.000457s ]
ERR: 无法加载模块:Hoem

[ 2017-05-02T23:12:56+08:00 ] ::1 /disp/Hoem/index/map?mp=113.503059,23.452898
INFO: [ app_init ] --START--
INFO: Run Behavior\BuildLiteBehavior [ RunTime:0.000034s ]
INFO: [ app_init ] --END-- [ RunTime:0.000433s ]
ERR: 无法加载模块:Hoem

[ 2017-05-02T23:13:11+08:00 ] ::1 /disp/Hoem/index/map?mp=113.503059,23.452898
INFO: [ app_init ] --START--
INFO: Run Behavior\BuildLiteBehavior [ RunTime:0.000047s ]
INFO: [ app_init ] --END-- [ RunTime:0.000769s ]
ERR: 无法加载模块:Hoem

[ 2017-05-02T23:32:34+08:00 ] ::1 /disp/data
INFO: [ app_init ] --START--
INFO: Run Behavior\BuildLiteBehavior [ RunTime:0.000024s ]
INFO: [ app_init ] --END-- [ RunTime:0.000401s ]
ERR: 无法加载模块:Data

>>>>>>> Real00/master
